[2026-03-16 12:25:03] yelp | lawn care | Independence MO | len=0 | (EMPTY)
================================================================================
[2026-03-16 12:25:11] gmaps | lawn care | Independence MO | len=0 | (EMPTY)
================================================================================
[2026-03-16 12:25:19] bbb | lawn care | Independence MO | len=0 | (EMPTY)
================================================================================
[2026-03-16 12:29:14] yelp | lawn care | Independence MO | len=1 | \n
================================================================================
[2026-03-16 12:29:22] gmaps | lawn care | Independence MO | len=6906 | Drag to change\nDrag to change, click to remove\nюЧЮCollapse side panel\nюЧЮCollapse side panel\nюЧЮCollapse side panel\n![](https://www.google.com/images/branding/mapslogo/1x/GoogleMaps_Logo_WithLightOutline.png)![](https://www.google.com/images/branding/mapslogo/1x/GoogleMaps_Logo_WithDarkOutline.png)\nюв╢Search\nюЧНClose\nюЧЮCollapse side panel\nюа╕RatingюЧЕ\nюв╡HoursюЧЕ\nюРйAll filters\nюЧЮCollapse side panel\n  * юЧТ\n  * юбж\nSaved\n  * ювЙ\nRecents\n  * юМм\nGet app\n\n\nRatingюЧЕ\nHoursюЧЕ\nюРйAll filters\n# Results\nювО\nSome of these hotel and vacatio
================================================================================
[2026-03-16 12:30:26] yelp | pet grooming | Blue Springs MO | len=1 | \n
================================================================================
[2026-03-16 12:30:34] gmaps | pet grooming | Blue Springs MO | len=7778 | Drag to change\nDrag to change, click to remove\nюЧЮCollapse side panel\nюЧЮCollapse side panel\nюЧЮCollapse side panel\n![](https://www.google.com/images/branding/mapslogo/1x/GoogleMaps_Logo_WithLightOutline.png)![](https://www.google.com/images/branding/mapslogo/1x/GoogleMaps_Logo_WithDarkOutline.png)\nюв╢Search\nюЧНClose\nюЧЮCollapse side panel\nюа╕RatingюЧЕ\nюв╡HoursюЧЕ\nюРйAll filters\nюЧЮCollapse side panel\n  * юЧТ\n  * юбж\nSaved\n  * ювЙ\nRecents\n  * юМм\nGet app\n\n\nRatingюЧЕ\nHoursюЧЕ\nюРйAll filters\n# Results\nювО\nSome of these hotel and vacatio
================================================================================
[2026-03-16 12:30:49] yelp | handyman | Raytown MO | len=1 | \n
================================================================================
[2026-03-16 12:30:57] gmaps | handyman | Raytown MO | len=10080 | Drag to change\nDrag to change, click to remove\nюЧЮCollapse side panel\nюЧЮCollapse side panel\nюЧЮCollapse side panel\n![](https://www.google.com/images/branding/mapslogo/1x/GoogleMaps_Logo_WithLightOutline.png)![](https://www.google.com/images/branding/mapslogo/1x/GoogleMaps_Logo_WithDarkOutline.png)\nюв╢Search\nюЧНClose\nюЧЮCollapse side panel\nюа╕RatingюЧЕ\nюв╡HoursюЧЕ\nюРйAll filters\nюЧЮCollapse side panel\n  * юЧТ\n  * юбж\nSaved\n  * ювЙ\nRecents\n  * юМм\nGet app\n\n\nRatingюЧЕ\nHoursюЧЕ\nюРйAll filters\n# Results\nювО\nSome of these hotel and vacatio
================================================================================
[2026-03-16 12:31:11] yelp | tattoo | Liberty MO | len=1 | \n
================================================================================
[2026-03-16 12:31:19] gmaps | tattoo | Liberty MO | len=6936 | Drag to change\nDrag to change, click to remove\nюЧЮCollapse side panel\nюЧЮCollapse side panel\nюЧЮCollapse side panel\n![](https://www.google.com/images/branding/mapslogo/1x/GoogleMaps_Logo_WithLightOutline.png)![](https://www.google.com/images/branding/mapslogo/1x/GoogleMaps_Logo_WithDarkOutline.png)\nюв╢Search\nюЧНClose\nюЧЮCollapse side panel\nюа╕RatingюЧЕ\nюв╡HoursюЧЕ\nюРйAll filters\nюЧЮCollapse side panel\n  * юЧТ\n  * юбж\nSaved\n  * ювЙ\nRecents\n  * юМм\nGet app\n\n\nRatingюЧЕ\nHoursюЧЕ\nюРйAll filters\n# Results\nювО\nSome of these hotel and vacatio
================================================================================
[2026-03-16 12:34:35] yelp | painting | Grain Valley MO | len=1 | \n
================================================================================
[2026-03-16 12:34:43] gmaps | painting | Grain Valley MO | len=7697 | Drag to change\nDrag to change, click to remove\nюЧЮCollapse side panel\nюЧЮCollapse side panel\nюЧЮCollapse side panel\n![](https://www.google.com/images/branding/mapslogo/1x/GoogleMaps_Logo_WithLightOutline.png)![](https://www.google.com/images/branding/mapslogo/1x/GoogleMaps_Logo_WithDarkOutline.png)\nюв╢Search\nюЧНClose\nюЧЮCollapse side panel\nюа╕RatingюЧЕ\nюв╡HoursюЧЕ\nюРйAll filters\nюЧЮCollapse side panel\n  * юЧТ\n  * юбж\nSaved\n  * ювЙ\nRecents\n  * юМм\nGet app\n\n\nRatingюЧЕ\nHoursюЧЕ\nюРйAll filters\n# Results\nювО\nSome of these hotel and vacatio
================================================================================
[2026-03-16 12:34:52] yelp | landscaping | Belton MO | len=1 | \n
================================================================================
[2026-03-16 12:35:00] gmaps | landscaping | Belton MO | len=7958 | Drag to change\nDrag to change, click to remove\nюЧЮCollapse side panel\nюЧЮCollapse side panel\nюЧЮCollapse side panel\n![](https://www.google.com/images/branding/mapslogo/1x/GoogleMaps_Logo_WithLightOutline.png)![](https://www.google.com/images/branding/mapslogo/1x/GoogleMaps_Logo_WithDarkOutline.png)\nюв╢Search\nюЧНClose\nюЧЮCollapse side panel\nюа╕RatingюЧЕ\nюв╡HoursюЧЕ\nюРйAll filters\nюЧЮCollapse side panel\n  * юЧТ\n  * юбж\nSaved\n  * ювЙ\nRecents\n  * юМм\nGet app\n\n\nRatingюЧЕ\nHoursюЧЕ\nюРйAll filters\n# Results\nювО\nSome of these hotel and vacatio
================================================================================
[2026-03-16 12:35:09] yelp | food truck | Grandview MO | len=1 | \n
================================================================================
[2026-03-16 12:35:18] gmaps | food truck | Grandview MO | len=6695 | Drag to change\nDrag to change, click to remove\nюЧЮCollapse side panel\nюЧЮCollapse side panel\nюЧЮCollapse side panel\n![](https://www.google.com/images/branding/mapslogo/1x/GoogleMaps_Logo_WithLightOutline.png)![](https://www.google.com/images/branding/mapslogo/1x/GoogleMaps_Logo_WithDarkOutline.png)\nюв╢Search\nюЧНClose\nюЧЮCollapse side panel\nюа╕RatingюЧЕ\nяНЧCuisineюЧЕ\nюв╡HoursюЧЕ\nюРйAll filters\nюЧЮCollapse side panel\n  * юЧТ\n  * юбж\nSaved\n  * ювЙ\nRecents\n  * юМм\nGet app\n\n\nRatingюЧЕ\nCuisineюЧЕ\nHoursюЧЕ\nюРйAll filters\n# Results\nювО\nSome of thes
================================================================================
[2026-03-16 12:35:27] yelp | roofing | Lee's Summit MO | len=1 | \n
================================================================================
[2026-03-16 12:35:35] gmaps | roofing | Lee's Summit MO | len=8064 | Drag to change\nDrag to change, click to remove\nюЧЮCollapse side panel\nюЧЮCollapse side panel\nюЧЮCollapse side panel\n![](https://www.google.com/images/branding/mapslogo/1x/GoogleMaps_Logo_WithLightOutline.png)![](https://www.google.com/images/branding/mapslogo/1x/GoogleMaps_Logo_WithDarkOutline.png)\nюв╢Search\nюЧНClose\nюЧЮCollapse side panel\nюа╕RatingюЧЕ\nюв╡HoursюЧЕ\nюРйAll filters\nюЧЮCollapse side panel\n  * юЧТ\n  * юбж\nSaved\n  * ювЙ\nRecents\n  * юМм\nGet app\n\n\nRatingюЧЕ\nHoursюЧЕ\nюРйAll filters\n# Results\nювО\nSome of these hotel and vacatio
================================================================================
[2026-03-16 12:35:44] yelp | fencing | Grain Valley MO | len=1 | \n
================================================================================
[2026-03-16 12:35:52] gmaps | fencing | Grain Valley MO | len=7733 | Drag to change\nDrag to change, click to remove\nюЧЮCollapse side panel\nюЧЮCollapse side panel\nюЧЮCollapse side panel\n![](https://www.google.com/images/branding/mapslogo/1x/GoogleMaps_Logo_WithLightOutline.png)![](https://www.google.com/images/branding/mapslogo/1x/GoogleMaps_Logo_WithDarkOutline.png)\nюв╢Search\nюЧНClose\nюЧЮCollapse side panel\nюа╕RatingюЧЕ\nюв╡HoursюЧЕ\nюРйAll filters\nюЧЮCollapse side panel\n  * юЧТ\n  * юбж\nSaved\n  * ювЙ\nRecents\n  * юМм\nGet app\n\n\nRatingюЧЕ\nHoursюЧЕ\nюРйAll filters\n# Results\nювО\nSome of these hotel and vacatio
================================================================================
[2026-03-16 12:36:01] yelp | personal training | Lee's Summit MO | len=1 | \n
================================================================================
[2026-03-16 12:36:09] gmaps | personal training | Lee's Summit MO | len=7856 | Drag to change\nDrag to change, click to remove\nюЧЮCollapse side panel\nюЧЮCollapse side panel\nюЧЮCollapse side panel\n![](https://www.google.com/images/branding/mapslogo/1x/GoogleMaps_Logo_WithLightOutline.png)![](https://www.google.com/images/branding/mapslogo/1x/GoogleMaps_Logo_WithDarkOutline.png)\nюв╢Search\nюЧНClose\nюЧЮCollapse side panel\nюа╕RatingюЧЕ\nюв╡HoursюЧЕ\nюРйAll filters\nюЧЮCollapse side panel\n  * юЧТ\n  * юбж\nSaved\n  * ювЙ\nRecents\n  * юМм\nGet app\n\n\nRatingюЧЕ\nHoursюЧЕ\nюРйAll filters\n# Results\nювО\nSome of these hotel and vacatio
================================================================================
[2026-03-16 12:36:18] yelp | photography | Independence MO | len=1 | \n
================================================================================
[2026-03-16 12:36:26] gmaps | photography | Independence MO | len=8898 | Drag to change\nDrag to change, click to remove\nюЧЮCollapse side panel\nюЧЮCollapse side panel\nюЧЮCollapse side panel\n![](https://www.google.com/images/branding/mapslogo/1x/GoogleMaps_Logo_WithLightOutline.png)![](https://www.google.com/images/branding/mapslogo/1x/GoogleMaps_Logo_WithDarkOutline.png)\nюв╢Search\nюЧНClose\nюЧЮCollapse side panel\nюа╕RatingюЧЕ\nюв╡HoursюЧЕ\nюРйAll filters\nюЧЮCollapse side panel\n  * юЧТ\n  * юбж\nSaved\n  * ювЙ\nRecents\n  * юМм\nGet app\n\n\nRatingюЧЕ\nHoursюЧЕ\nюРйAll filters\n# Results\nювО\nSome of these hotel and vacatio
================================================================================
[2026-03-16 12:36:35] yelp | junk removal | Kansas City MO | len=1 | \n
================================================================================
[2026-03-16 12:36:43] gmaps | junk removal | Kansas City MO | len=6787 | Drag to change\nDrag to change, click to remove\nюЧЮCollapse side panel\nюЧЮCollapse side panel\nюЧЮCollapse side panel\n![](https://www.google.com/images/branding/mapslogo/1x/GoogleMaps_Logo_WithLightOutline.png)![](https://www.google.com/images/branding/mapslogo/1x/GoogleMaps_Logo_WithDarkOutline.png)\nюв╢Search\nюЧНClose\nюЧЮCollapse side panel\nюа╕RatingюЧЕ\nюв╡HoursюЧЕ\nюРйAll filters\nюЧЮCollapse side panel\n  * юЧТ\n  * юбж\nSaved\n  * ювЙ\nRecents\n  * юМм\nGet app\n\n\nRatingюЧЕ\nHoursюЧЕ\nюРйAll filters\n# Results\nювО\nSome of these hotel and vacatio
================================================================================
[2026-03-16 12:36:52] yelp | mobile mechanic | Belton MO | len=1 | \n
================================================================================
[2026-03-16 12:37:01] gmaps | mobile mechanic | Belton MO | len=4957 | Drag to change\nDrag to change, click to remove\nюЧЮCollapse side panel\nюЧЮCollapse side panel\nюЧЮCollapse side panel\n![](https://www.google.com/images/branding/mapslogo/1x/GoogleMaps_Logo_WithLightOutline.png)![](https://www.google.com/images/branding/mapslogo/1x/GoogleMaps_Logo_WithDarkOutline.png)\nюв╢Search\nюЧНClose\nюЧЮCollapse side panel\nюХмRestaurants\nюФ║Hotels\nюРТThings to do\nюФ╡Transit\nюХПParking\nюХРPharmacies\nюХ│ATMs\nюЧМ\nюЧЮCollapse side panel\n  * юЧТ\n  * юбж\nSaved\n  * ювЙ\nRecents\n  * ![](https://lh3.googleusercontent.com/gp
================================================================================
[2026-03-16 12:37:10] yelp | lawn care | Blue Springs MO | len=1 | \n
================================================================================
[2026-03-16 12:37:18] gmaps | lawn care | Blue Springs MO | len=7734 | Drag to change\nDrag to change, click to remove\nюЧЮCollapse side panel\nюЧЮCollapse side panel\nюЧЮCollapse side panel\n![](https://www.google.com/images/branding/mapslogo/1x/GoogleMaps_Logo_WithLightOutline.png)![](https://www.google.com/images/branding/mapslogo/1x/GoogleMaps_Logo_WithDarkOutline.png)\nюв╢Search\nюЧНClose\nюЧЮCollapse side panel\nюа╕RatingюЧЕ\nюв╡HoursюЧЕ\nюРйAll filters\nюЧЮCollapse side panel\n  * юЧТ\n  * юбж\nSaved\n  * ювЙ\nRecents\n  * юМм\nGet app\n\n\nRatingюЧЕ\nHoursюЧЕ\nюРйAll filters\n# Results\nювО\nSome of these hotel and vacatio
================================================================================
[2026-03-16 12:37:27] yelp | cleaning | Independence MO | len=1 | \n
================================================================================
[2026-03-16 12:37:35] gmaps | cleaning | Independence MO | len=7951 | Drag to change\nDrag to change, click to remove\nюЧЮCollapse side panel\nюЧЮCollapse side panel\nюЧЮCollapse side panel\n![](https://www.google.com/images/branding/mapslogo/1x/GoogleMaps_Logo_WithLightOutline.png)![](https://www.google.com/images/branding/mapslogo/1x/GoogleMaps_Logo_WithDarkOutline.png)\nюв╢Search\nюЧНClose\nюЧЮCollapse side panel\nюа╕RatingюЧЕ\nюв╡HoursюЧЕ\nюРйAll filters\nюЧЮCollapse side panel\n  * юЧТ\n  * юбж\nSaved\n  * ювЙ\nRecents\n  * юМм\nGet app\n\n\nRatingюЧЕ\nHoursюЧЕ\nюРйAll filters\n# Results\nювО\nSome of these hotel and vacatio
================================================================================
[2026-03-16 12:37:44] yelp | handyman | Lee's Summit MO | len=1 | \n
================================================================================
[2026-03-16 12:37:52] gmaps | handyman | Lee's Summit MO | len=10535 | Drag to change\nDrag to change, click to remove\nюЧЮCollapse side panel\nюЧЮCollapse side panel\nюЧЮCollapse side panel\n![](https://www.google.com/images/branding/mapslogo/1x/GoogleMaps_Logo_WithLightOutline.png)![](https://www.google.com/images/branding/mapslogo/1x/GoogleMaps_Logo_WithDarkOutline.png)\nюв╢Search\nюЧНClose\nюЧЮCollapse side panel\nюа╕RatingюЧЕ\nюв╡HoursюЧЕ\nюРйAll filters\nюЧЮCollapse side panel\n  * юЧТ\n  * юбж\nSaved\n  * ювЙ\nRecents\n  * юМм\nGet app\n\n\nRatingюЧЕ\nHoursюЧЕ\nюРйAll filters\n# Results\nювО\nSome of these hotel and vacatio
================================================================================
[2026-03-16 12:38:01] yelp | auto detailing | Kansas City MO | len=1 | \n
================================================================================
[2026-03-16 12:38:10] gmaps | auto detailing | Kansas City MO | len=6917 | Drag to change\nDrag to change, click to remove\nюЧЮCollapse side panel\nюЧЮCollapse side panel\nюЧЮCollapse side panel\n![](https://www.google.com/images/branding/mapslogo/1x/GoogleMaps_Logo_WithLightOutline.png)![](https://www.google.com/images/branding/mapslogo/1x/GoogleMaps_Logo_WithDarkOutline.png)\nюв╢Search\nюЧНClose\nюЧЮCollapse side panel\nюа╕RatingюЧЕ\nюв╡HoursюЧЕ\nюРйAll filters\nюЧЮCollapse side panel\n  * юЧТ\n  * юбж\nSaved\n  * ювЙ\nRecents\n  * юМм\nGet app\n\n\nRatingюЧЕ\nHoursюЧЕ\nюРйAll filters\n# Results\nювО\nSome of these hotel and vacatio
================================================================================
[2026-03-16 12:38:19] yelp | moving | Belton MO | len=1 | \n
================================================================================
[2026-03-16 12:38:27] gmaps-FAIL | moving | Belton MO | len=0 | (EMPTY)
================================================================================
[2026-03-16 12:42:44] yelp | painting | Grain Valley MO | len=1 | \n
================================================================================
[2026-03-16 12:42:53] gmaps | painting | Grain Valley MO | len=7697 | Drag to change\nDrag to change, click to remove\nюЧЮCollapse side panel\nюЧЮCollapse side panel\nюЧЮCollapse side panel\n![](https://www.google.com/images/branding/mapslogo/1x/GoogleMaps_Logo_WithLightOutline.png)![](https://www.google.com/images/branding/mapslogo/1x/GoogleMaps_Logo_WithDarkOutline.png)\nюв╢Search\nюЧНClose\nюЧЮCollapse side panel\nюа╕RatingюЧЕ\nюв╡HoursюЧЕ\nюРйAll filters\nюЧЮCollapse side panel\n  * юЧТ\n  * юбж\nSaved\n  * ювЙ\nRecents\n  * юМм\nGet app\n\n\nRatingюЧЕ\nHoursюЧЕ\nюРйAll filters\n# Results\nювО\nSome of these hotel and vacatio
================================================================================
[2026-03-16 12:43:02] yelp | landscaping | Belton MO | len=1 | \n
================================================================================
[2026-03-16 12:43:10] gmaps | landscaping | Belton MO | len=7958 | Drag to change\nDrag to change, click to remove\nюЧЮCollapse side panel\nюЧЮCollapse side panel\nюЧЮCollapse side panel\n![](https://www.google.com/images/branding/mapslogo/1x/GoogleMaps_Logo_WithLightOutline.png)![](https://www.google.com/images/branding/mapslogo/1x/GoogleMaps_Logo_WithDarkOutline.png)\nюв╢Search\nюЧНClose\nюЧЮCollapse side panel\nюа╕RatingюЧЕ\nюв╡HoursюЧЕ\nюРйAll filters\nюЧЮCollapse side panel\n  * юЧТ\n  * юбж\nSaved\n  * ювЙ\nRecents\n  * юМм\nGet app\n\n\nRatingюЧЕ\nHoursюЧЕ\nюРйAll filters\n# Results\nювО\nSome of these hotel and vacatio
================================================================================
[2026-03-16 12:43:19] yelp | food truck | Grandview MO | len=1 | \n
================================================================================
[2026-03-16 12:43:27] gmaps | food truck | Grandview MO | len=7489 | Drag to change\nDrag to change, click to remove\nюЧЮCollapse side panel\nюЧЮCollapse side panel\nюЧЮCollapse side panel\n![](https://www.google.com/images/branding/mapslogo/1x/GoogleMaps_Logo_WithLightOutline.png)![](https://www.google.com/images/branding/mapslogo/1x/GoogleMaps_Logo_WithDarkOutline.png)\nюв╢Search\nюЧНClose\nюЧЮCollapse side panel\nюа╕RatingюЧЕ\nяНЧCuisineюЧЕ\nюв╡HoursюЧЕ\nюРйAll filters\nюЧЮCollapse side panel\n  * юЧТ\n  * юбж\nSaved\n  * ювЙ\nRecents\n  * юМм\nGet app\n\n\nRatingюЧЕ\nCuisineюЧЕ\nHoursюЧЕ\nюРйAll filters\n# Results\nювО\nSome of thes
================================================================================
[2026-03-16 12:43:36] yelp | roofing | Lee's Summit MO | len=1 | \n
================================================================================
[2026-03-16 12:43:44] gmaps | roofing | Lee's Summit MO | len=8136 | Drag to change\nDrag to change, click to remove\nюЧЮCollapse side panel\nюЧЮCollapse side panel\nюЧЮCollapse side panel\n![](https://www.google.com/images/branding/mapslogo/1x/GoogleMaps_Logo_WithLightOutline.png)![](https://www.google.com/images/branding/mapslogo/1x/GoogleMaps_Logo_WithDarkOutline.png)\nюв╢Search\nюЧНClose\nюЧЮCollapse side panel\nюа╕RatingюЧЕ\nюв╡HoursюЧЕ\nюРйAll filters\nюЧЮCollapse side panel\n  * юЧТ\n  * юбж\nSaved\n  * ювЙ\nRecents\n  * юМм\nGet app\n\n\nRatingюЧЕ\nHoursюЧЕ\nюРйAll filters\n# Results\nювО\nSome of these hotel and vacatio
================================================================================
[2026-03-16 12:43:53] yelp | fencing | Grain Valley MO | len=1 | \n
================================================================================
[2026-03-16 12:44:02] gmaps | fencing | Grain Valley MO | len=7805 | Drag to change\nDrag to change, click to remove\nюЧЮCollapse side panel\nюЧЮCollapse side panel\nюЧЮCollapse side panel\n![](https://www.google.com/images/branding/mapslogo/1x/GoogleMaps_Logo_WithLightOutline.png)![](https://www.google.com/images/branding/mapslogo/1x/GoogleMaps_Logo_WithDarkOutline.png)\nюв╢Search\nюЧНClose\nюЧЮCollapse side panel\nюа╕RatingюЧЕ\nюв╡HoursюЧЕ\nюРйAll filters\nюЧЮCollapse side panel\n  * юЧТ\n  * юбж\nSaved\n  * ювЙ\nRecents\n  * юМм\nGet app\n\n\nRatingюЧЕ\nHoursюЧЕ\nюРйAll filters\n# Results\nювО\nSome of these hotel and vacatio
================================================================================
[2026-03-16 12:44:11] yelp | personal training | Liberty MO | len=1 | \n
================================================================================
[2026-03-16 12:44:20] gmaps | personal training | Liberty MO | len=6769 | Drag to change\nDrag to change, click to remove\nюЧЮCollapse side panel\nюЧЮCollapse side panel\nюЧЮCollapse side panel\n![](https://www.google.com/images/branding/mapslogo/1x/GoogleMaps_Logo_WithLightOutline.png)![](https://www.google.com/images/branding/mapslogo/1x/GoogleMaps_Logo_WithDarkOutline.png)\nюв╢Search\nюЧНClose\nюЧЮCollapse side panel\nюа╕RatingюЧЕ\nюв╡HoursюЧЕ\nюРйAll filters\nюЧЮCollapse side panel\n  * юЧТ\n  * юбж\nSaved\n  * ювЙ\nRecents\n  * юМм\nGet app\n\n\nRatingюЧЕ\nHoursюЧЕ\nюРйAll filters\n# Results\nювО\nSome of these hotel and vacatio
================================================================================
[2026-03-16 12:44:29] yelp | photography | Independence MO | len=1 | \n
================================================================================
[2026-03-16 12:44:37] gmaps | photography | Independence MO | len=7621 | Drag to change\nDrag to change, click to remove\nюЧЮCollapse side panel\nюЧЮCollapse side panel\nюЧЮCollapse side panel\n![](https://www.google.com/images/branding/mapslogo/1x/GoogleMaps_Logo_WithLightOutline.png)![](https://www.google.com/images/branding/mapslogo/1x/GoogleMaps_Logo_WithDarkOutline.png)\nюв╢Search\nюЧНClose\nюЧЮCollapse side panel\nюа╕RatingюЧЕ\nюв╡HoursюЧЕ\nюРйAll filters\nюЧЮCollapse side panel\n  * юЧТ\n  * юбж\nSaved\n  * ювЙ\nRecents\n  * юМм\nGet app\n\n\nRatingюЧЕ\nHoursюЧЕ\nюРйAll filters\n# Results\nювО\nSome of these hotel and vacatio
================================================================================
[2026-03-16 12:44:46] yelp | junk removal | Kansas City MO | len=1 | \n
================================================================================
[2026-03-16 12:44:54] gmaps | junk removal | Kansas City MO | len=6823 | Drag to change\nDrag to change, click to remove\nюЧЮCollapse side panel\nюЧЮCollapse side panel\nюЧЮCollapse side panel\n![](https://www.google.com/images/branding/mapslogo/1x/GoogleMaps_Logo_WithLightOutline.png)![](https://www.google.com/images/branding/mapslogo/1x/GoogleMaps_Logo_WithDarkOutline.png)\nюв╢Search\nюЧНClose\nюЧЮCollapse side panel\nюа╕RatingюЧЕ\nюв╡HoursюЧЕ\nюРйAll filters\nюЧЮCollapse side panel\n  * юЧТ\n  * юбж\nSaved\n  * ювЙ\nRecents\n  * юМм\nGet app\n\n\nRatingюЧЕ\nHoursюЧЕ\nюРйAll filters\n# Results\nювО\nSome of these hotel and vacatio
================================================================================
[2026-03-16 12:45:03] yelp | mobile mechanic | Belton MO | len=1 | \n
================================================================================
[2026-03-16 12:45:11] gmaps | mobile mechanic | Belton MO | len=4957 | Drag to change\nDrag to change, click to remove\nюЧЮCollapse side panel\nюЧЮCollapse side panel\nюЧЮCollapse side panel\n![](https://www.google.com/images/branding/mapslogo/1x/GoogleMaps_Logo_WithLightOutline.png)![](https://www.google.com/images/branding/mapslogo/1x/GoogleMaps_Logo_WithDarkOutline.png)\nюв╢Search\nюЧНClose\nюЧЮCollapse side panel\nюХмRestaurants\nюФ║Hotels\nюРТThings to do\nюФ╡Transit\nюХПParking\nюХРPharmacies\nюХ│ATMs\nюЧМ\nюЧЮCollapse side panel\n  * юЧТ\n  * юбж\nSaved\n  * ювЙ\nRecents\n  * ![](https://lh3.googleusercontent.com/gp
================================================================================
[2026-03-16 12:45:20] yelp | lawn care | Blue Springs MO | len=1 | \n
================================================================================
[2026-03-16 12:45:29] gmaps | lawn care | Blue Springs MO | len=7734 | Drag to change\nDrag to change, click to remove\nюЧЮCollapse side panel\nюЧЮCollapse side panel\nюЧЮCollapse side panel\n![](https://www.google.com/images/branding/mapslogo/1x/GoogleMaps_Logo_WithLightOutline.png)![](https://www.google.com/images/branding/mapslogo/1x/GoogleMaps_Logo_WithDarkOutline.png)\nюв╢Search\nюЧНClose\nюЧЮCollapse side panel\nюа╕RatingюЧЕ\nюв╡HoursюЧЕ\nюРйAll filters\nюЧЮCollapse side panel\n  * юЧТ\n  * юбж\nSaved\n  * ювЙ\nRecents\n  * юМм\nGet app\n\n\nRatingюЧЕ\nHoursюЧЕ\nюРйAll filters\n# Results\nювО\nSome of these hotel and vacatio
================================================================================
[2026-03-16 12:45:38] yelp | cleaning | Independence MO | len=1 | \n
================================================================================
[2026-03-16 12:45:46] gmaps | cleaning | Independence MO | len=7951 | Drag to change\nDrag to change, click to remove\nюЧЮCollapse side panel\nюЧЮCollapse side panel\nюЧЮCollapse side panel\n![](https://www.google.com/images/branding/mapslogo/1x/GoogleMaps_Logo_WithLightOutline.png)![](https://www.google.com/images/branding/mapslogo/1x/GoogleMaps_Logo_WithDarkOutline.png)\nюв╢Search\nюЧНClose\nюЧЮCollapse side panel\nюа╕RatingюЧЕ\nюв╡HoursюЧЕ\nюРйAll filters\nюЧЮCollapse side panel\n  * юЧТ\n  * юбж\nSaved\n  * ювЙ\nRecents\n  * юМм\nGet app\n\n\nRatingюЧЕ\nHoursюЧЕ\nюРйAll filters\n# Results\nювО\nSome of these hotel and vacatio
================================================================================
[2026-03-16 12:45:55] yelp | handyman | Lee's Summit MO | len=1 | \n
================================================================================
[2026-03-16 12:46:03] gmaps | handyman | Lee's Summit MO | len=10372 | Drag to change\nDrag to change, click to remove\nюЧЮCollapse side panel\nюЧЮCollapse side panel\nюЧЮCollapse side panel\n![](https://www.google.com/images/branding/mapslogo/1x/GoogleMaps_Logo_WithLightOutline.png)![](https://www.google.com/images/branding/mapslogo/1x/GoogleMaps_Logo_WithDarkOutline.png)\nюв╢Search\nюЧНClose\nюЧЮCollapse side panel\nюа╕RatingюЧЕ\nюв╡HoursюЧЕ\nюРйAll filters\nюЧЮCollapse side panel\n  * юЧТ\n  * юбж\nSaved\n  * ювЙ\nRecents\n  * юМм\nGet app\n\n\nRatingюЧЕ\nHoursюЧЕ\nюРйAll filters\n# Results\nювО\nSome of these hotel and vacatio
================================================================================
[2026-03-16 12:46:12] yelp | auto detailing | Kansas City MO | len=1 | \n
================================================================================
[2026-03-16 12:46:21] gmaps | auto detailing | Kansas City MO | len=6956 | Drag to change\nDrag to change, click to remove\nюЧЮCollapse side panel\nюЧЮCollapse side panel\nюЧЮCollapse side panel\n![](https://www.google.com/images/branding/mapslogo/1x/GoogleMaps_Logo_WithLightOutline.png)![](https://www.google.com/images/branding/mapslogo/1x/GoogleMaps_Logo_WithDarkOutline.png)\nюв╢Search\nюЧНClose\nюЧЮCollapse side panel\nюа╕RatingюЧЕ\nюв╡HoursюЧЕ\nюРйAll filters\nюЧЮCollapse side panel\n  * юЧТ\n  * юбж\nSaved\n  * ювЙ\nRecents\n  * юМм\nGet app\n\n\nRatingюЧЕ\nHoursюЧЕ\nюРйAll filters\n# Results\nювО\nSome of these hotel and vacatio
================================================================================
[2026-03-16 12:46:30] yelp-FAIL | moving | Kansas City KS | len=0 | (EMPTY)
================================================================================
[2026-03-16 12:50:13] yelp | fencing | Grain Valley MO | len=1 | \n
================================================================================
[2026-03-16 12:50:21] gmaps | fencing | Grain Valley MO | len=7733 | Drag to change\nDrag to change, click to remove\nюЧЮCollapse side panel\nюЧЮCollapse side panel\nюЧЮCollapse side panel\n![](https://www.google.com/images/branding/mapslogo/1x/GoogleMaps_Logo_WithLightOutline.png)![](https://www.google.com/images/branding/mapslogo/1x/GoogleMaps_Logo_WithDarkOutline.png)\nюв╢Search\nюЧНClose\nюЧЮCollapse side panel\nюа╕RatingюЧЕ\nюв╡HoursюЧЕ\nюРйAll filters\nюЧЮCollapse side panel\n  * юЧТ\n  * юбж\nSaved\n  * ювЙ\nRecents\n  * юМм\nGet app\n\n\nRatingюЧЕ\nHoursюЧЕ\nюРйAll filters\n# Results\nювО\nSome of these hotel and vacatio
================================================================================
[2026-03-16 12:50:30] yelp | mobile mechanic | Lee's Summit MO | len=1 | \n
================================================================================
[2026-03-16 12:50:39] gmaps | mobile mechanic | Lee's Summit MO | len=6993 | Drag to change\nDrag to change, click to remove\nюЧЮCollapse side panel\nюЧЮCollapse side panel\nюЧЮCollapse side panel\n![](https://www.google.com/images/branding/mapslogo/1x/GoogleMaps_Logo_WithLightOutline.png)![](https://www.google.com/images/branding/mapslogo/1x/GoogleMaps_Logo_WithDarkOutline.png)\nюв╢Search\nюЧНClose\nюЧЮCollapse side panel\nюа╕RatingюЧЕ\nюв╡HoursюЧЕ\nюРйAll filters\nюЧЮCollapse side panel\n  * юЧТ\n  * юбж\nSaved\n  * ювЙ\nRecents\n  * юМм\nGet app\n\n\nRatingюЧЕ\nHoursюЧЕ\nюРйAll filters\n# Results\nювО\nSome of these hotel and vacatio
================================================================================
[2026-03-16 12:50:48] yelp | cleaning | Independence MO | len=1 | \n
================================================================================
[2026-03-16 12:50:56] gmaps | cleaning | Independence MO | len=7912 | Drag to change\nDrag to change, click to remove\nюЧЮCollapse side panel\nюЧЮCollapse side panel\nюЧЮCollapse side panel\n![](https://www.google.com/images/branding/mapslogo/1x/GoogleMaps_Logo_WithLightOutline.png)![](https://www.google.com/images/branding/mapslogo/1x/GoogleMaps_Logo_WithDarkOutline.png)\nюв╢Search\nюЧНClose\nюЧЮCollapse side panel\nюа╕RatingюЧЕ\nюв╡HoursюЧЕ\nюРйAll filters\nюЧЮCollapse side panel\n  * юЧТ\n  * юбж\nSaved\n  * ювЙ\nRecents\n  * юМм\nGet app\n\n\nRatingюЧЕ\nHoursюЧЕ\nюРйAll filters\n# Results\nювО\nSome of these hotel and vacatio
================================================================================
[2026-03-16 12:51:05] yelp | handyman | Lee's Summit MO | len=1 | \n
================================================================================
[2026-03-16 12:51:13] gmaps | handyman | Lee's Summit MO | len=7959 | Drag to change\nDrag to change, click to remove\nюЧЮCollapse side panel\nюЧЮCollapse side panel\nюЧЮCollapse side panel\n![](https://www.google.com/images/branding/mapslogo/1x/GoogleMaps_Logo_WithLightOutline.png)![](https://www.google.com/images/branding/mapslogo/1x/GoogleMaps_Logo_WithDarkOutline.png)\nюв╢Search\nюЧНClose\nюЧЮCollapse side panel\nюа╕RatingюЧЕ\nюв╡HoursюЧЕ\nюРйAll filters\nюЧЮCollapse side panel\n  * юЧТ\n  * юбж\nSaved\n  * ювЙ\nRecents\n  * юМм\nGet app\n\n\nRatingюЧЕ\nHoursюЧЕ\nюРйAll filters\n# Results\nювО\nSome of these hotel and vacatio
================================================================================
[2026-03-16 12:51:22] yelp | auto detailing | Kansas City MO | len=1 | \n
================================================================================
[2026-03-16 12:51:31] gmaps | auto detailing | Kansas City MO | len=6917 | Drag to change\nDrag to change, click to remove\nюЧЮCollapse side panel\nюЧЮCollapse side panel\nюЧЮCollapse side panel\n![](https://www.google.com/images/branding/mapslogo/1x/GoogleMaps_Logo_WithLightOutline.png)![](https://www.google.com/images/branding/mapslogo/1x/GoogleMaps_Logo_WithDarkOutline.png)\nюв╢Search\nюЧНClose\nюЧЮCollapse side panel\nюа╕RatingюЧЕ\nюв╡HoursюЧЕ\nюРйAll filters\nюЧЮCollapse side panel\n  * юЧТ\n  * юбж\nSaved\n  * ювЙ\nRecents\n  * юМм\nGet app\n\n\nRatingюЧЕ\nHoursюЧЕ\nюРйAll filters\n# Results\nювО\nSome of these hotel and vacatio
================================================================================
[2026-03-16 12:51:40] yelp | moving | Belton MO | len=1 | \n
================================================================================
[2026-03-16 12:51:48] gmaps | moving | Belton MO | len=8241 | Drag to change\nDrag to change, click to remove\nюЧЮCollapse side panel\nюЧЮCollapse side panel\nюЧЮCollapse side panel\n![](https://www.google.com/images/branding/mapslogo/1x/GoogleMaps_Logo_WithLightOutline.png)![](https://www.google.com/images/branding/mapslogo/1x/GoogleMaps_Logo_WithDarkOutline.png)\nюв╢Search\nюЧНClose\nюЧЮCollapse side panel\nюв╡HoursюЧЕ\nюРйAll filters\nюЧЮCollapse side panel\n  * юЧТ\n  * юбж\nSaved\n  * ювЙ\nRecents\n  * юМм\nGet app\n\n\nHoursюЧЕ\nюРйAll filters\n# Results\nювО\nSome of these hotel and vacation rental search r
================================================================================
[2026-03-16 12:51:57] yelp | pressure washing | Overland Park KS | len=1 | \n
================================================================================
[2026-03-16 12:52:05] gmaps | pressure washing | Overland Park KS | len=8147 | Drag to change\nDrag to change, click to remove\nюЧЮCollapse side panel\nюЧЮCollapse side panel\nюЧЮCollapse side panel\n![](https://www.google.com/images/branding/mapslogo/1x/GoogleMaps_Logo_WithLightOutline.png)![](https://www.google.com/images/branding/mapslogo/1x/GoogleMaps_Logo_WithDarkOutline.png)\nюв╢Search\nюЧНClose\nюЧЮCollapse side panel\nюа╕RatingюЧЕ\nюв╡HoursюЧЕ\nюРйAll filters\nюЧЮCollapse side panel\n  * юЧТ\n  * юбж\nSaved\n  * ювЙ\nRecents\n  * юМм\nGet app\n\n\nRatingюЧЕ\nHoursюЧЕ\nюРйAll filters\n# Results\nювО\nSome of these hotel and vacatio
================================================================================
[2026-03-16 12:52:15] yelp | tattoo | Liberty MO | len=1 | \n
================================================================================
[2026-03-16 12:52:23] gmaps | tattoo | Liberty MO | len=6935 | Drag to change\nDrag to change, click to remove\nюЧЮCollapse side panel\nюЧЮCollapse side panel\nюЧЮCollapse side panel\n![](https://www.google.com/images/branding/mapslogo/1x/GoogleMaps_Logo_WithLightOutline.png)![](https://www.google.com/images/branding/mapslogo/1x/GoogleMaps_Logo_WithDarkOutline.png)\nюв╢Search\nюЧНClose\nюЧЮCollapse side panel\nюа╕RatingюЧЕ\nюв╡HoursюЧЕ\nюРйAll filters\nюЧЮCollapse side panel\n  * юЧТ\n  * юбж\nSaved\n  * ювЙ\nRecents\n  * юМм\nGet app\n\n\nRatingюЧЕ\nHoursюЧЕ\nюРйAll filters\n# Results\nювО\nSome of these hotel and vacatio
================================================================================
[2026-03-16 12:52:33] yelp | pet grooming | Liberty MO | len=1 | \n
================================================================================
[2026-03-16 12:52:41] gmaps | pet grooming | Liberty MO | len=7585 | Drag to change\nDrag to change, click to remove\nюЧЮCollapse side panel\nюЧЮCollapse side panel\nюЧЮCollapse side panel\n![](https://www.google.com/images/branding/mapslogo/1x/GoogleMaps_Logo_WithLightOutline.png)![](https://www.google.com/images/branding/mapslogo/1x/GoogleMaps_Logo_WithDarkOutline.png)\nюв╢Search\nюЧНClose\nюЧЮCollapse side panel\nюа╕RatingюЧЕ\nюв╡HoursюЧЕ\nюРйAll filters\nюЧЮCollapse side panel\n  * юЧТ\n  * юбж\nSaved\n  * ювЙ\nRecents\n  * юМм\nGet app\n\n\nRatingюЧЕ\nHoursюЧЕ\nюРйAll filters\n# Results\nювО\nSome of these hotel and vacatio
================================================================================
[2026-03-16 12:52:50] yelp | painting | Grain Valley MO | len=1 | \n
================================================================================
[2026-03-16 12:52:58] gmaps | painting | Grain Valley MO | len=7697 | Drag to change\nDrag to change, click to remove\nюЧЮCollapse side panel\nюЧЮCollapse side panel\nюЧЮCollapse side panel\n![](https://www.google.com/images/branding/mapslogo/1x/GoogleMaps_Logo_WithLightOutline.png)![](https://www.google.com/images/branding/mapslogo/1x/GoogleMaps_Logo_WithDarkOutline.png)\nюв╢Search\nюЧНClose\nюЧЮCollapse side panel\nюа╕RatingюЧЕ\nюв╡HoursюЧЕ\nюРйAll filters\nюЧЮCollapse side panel\n  * юЧТ\n  * юбж\nSaved\n  * ювЙ\nRecents\n  * юМм\nGet app\n\n\nRatingюЧЕ\nHoursюЧЕ\nюРйAll filters\n# Results\nювО\nSome of these hotel and vacatio
================================================================================
[2026-03-16 12:53:08] yelp-FAIL | landscaping | Belton MO | len=0 | (EMPTY)
================================================================================
